[  000000]niiaizing cgro subs ust
[  00000 Itilizi coup bs cu
[   00000] Initiliin croup ssycpuat    0.0000] Linux veion .4.0-124-generic (buildd@lcy01-a64028)(g vrsion 4. 20160(Uuntu.4-6ubun1~.04.)  #8-UbntSM WedMay 2 13:0:18 C 18 (Ubtu4.0-1214geeric 44.17
[    000000] Command line: BOOT_IMAGE=/boot/vmlinuz-.40-124-geri roo=UUIb6dc9-3d4331ba6be9a75fa4 rconsole=y1consolett0
[    0.000000]KERN spportecp:
[  00000] Inl GeinInel[  0.000  AMD thtiAM
[   0000] Ceta CtaurHaul
[   .00000x8fp: xsteofset[]:  57, xsta_ses[2]:25
[    0000] 6/u: Spoin XSAVE eare 01:'x7 floangpontegster
   0000] x/f: Suppti XSA ftue 0x: SEregier'
[   .0000] x86/fu: SportinXSE featre 04:'AVX rgists'
[  000000]x86/u: Enaedstate features 0x7, ntxt se  832 besusing taard' fma
[   .0000] x86pu: Using 'lazy' FPU context switches.
[    0.00000] e820 BS-rovid ysicalAMap:
[  0000000] IO-e80:[mem 0x000000000000x0000009fff] sae[   .0000] BIOe8: [m 0000000000c00x00000009ffffrerved[   0.0000BIOS82 [me0x000000f00-0x000000ff resve
[   0.00] BIS-82: mem 0x0000001000x00000dfffffusle
[    00000] OS820: [m 000000ff000-000000ffff ACPI ta
[  000000] BIOe8: [m 0000000fe00-0x00000ec00ff rerved[   0.00000] IOe80: em 0x000000fee000-0000000eeff] reseved[   .000] BIOS82 [mem 000000ffc0000-0x00000000ffffff] rerd
[  00000] BS-20: emx00000010000-00000011fff] sabl
   .0000]X Execte Disabe) pteion: aiv
[  000000]MBS 2. pse.
[  00000] peisr dect: KVM
[   .00000e8: lastfn 0x120000 x_ar_p = 0x4000000
[    0.000000] MTRR: Disabled
[    0.00000] x8/PAT: TRs disabl, ippi P iitialiti too
[  00000] U TRRsalblnk - vrtuazed syte.[   0.000] x/P: onfiguti [0-:   T  U U WB T C-UC  [   0.0000 e82: stpfn = df0 ax_ah_n  000000
[  00000] fond S MP-tae  [me0x00ff0-0x00ff] maedt ffff0000ff0]
[   0.00000] Sanin 1areas orowmemorycorutin
[  0000] MDSK: emx32000x30fdf]    0.000] AI:arly tabe chcksuvefiation diabd
[  00000] PI RDP0x00000000000000 (2 BOX  )
[    .0000]ACPI:XST 0x000000FF030 00 (v0 VBOX   VBOXXSDT 0000001 ASL  0000061)
[    0000] ACP: FACPx0000000FF0F0 00 (04 VX  VOXFACP00001 AS 000061)
  0.0000 AI: DDT 0x000000DF00 021FF v0VBX   VBBI 00000INL 200028)
[    0.00000 ACPI: FCS 0000000FF200 000[   0.00000] AI:AC 0x00000DFF020 000040
[   .000] ACPIAP 0x0000DFF24005C (2 OX  VBAP 00000ASL 0006)
[  00000 AI:SSDTx00000DFFF2A0001CC(v1 BOX   BOPU 00000 INTL 201028
[   0.0000] o NUMAoniguriofond
  0.0000 Fin a nodat[memx000000000-0x00000fffff][    0000] NODDAA() allote[memx1ff000-0x11fbff
[  00000] vm-coc: si msrs 5601 a 46400
[  00000 k-cock: cpu 0 msr 1:1fef001, primary u lock
  0.0000kv-clock: usng sedffet o4944597 cl
[   0.0000] locksorc: kvm-lo: ask:xfffffffff maxycs: 01c424dfb, x_le_n 8590548ns
[    0000] Ze ngs:
[   .00000]   DM    me0x00000000000-000000fff]
[  .00000  A3    emx000001000000-0x0000000ffffff]
[  0.000]   Noral  [mm 0x0000001000000-0x000001ffffff
[  0.00000]   Dvice ety
[    0000] Mab zonstt or each no
[   .000] Eay moy node ranes
[   0.000] ne  0: mem 0x00000000000-000000009ef]
[   0000] no   0[mm x000000001000-x00000ffeff]
[   00000]   de 0 [me0x0000000000-0x00000011fffff]
[  .0000]niemsetup de 0[memx000000000-0x00011ffff
    0000] AC: -Tmer IOPort 0x408
[   .000000]OAC[0]ap_i 2, erio 32, address 0ec0000 G 0-2
[  00000] PI: T_C_VR (s bu_irq gbal_ir2 l dfl)[  0.00000] PI INT_S_O (bu0 s_rq gba_irq l level
   0.00000]si ACP (DT) for SM configuti infmaon
[   0000] mpotAllowi 2PUs, hplg CP
   0.0000]M: Risred sa mmory [m x0000000-0x00000ff]   0.000000]PM: Restednosa mor: [m 0009f0-009ffff][   0.000] P: egterenovememo: em 0x00000-0x0eff]
[  00000] M: Regterenovememo: em 0x00000-0x0fff]
[   .000] PMReiserednosa mmory[m 0xdf00-xdffff
[   0.000] PM:egstedosave emry [em 000000-0xbfff]  0.00000] P Regisrenoave moy: [me0xc00000xf00fff][   0.0000PM: gierd novememo: em0xfec01000-0xfedffff
   0.000] M: Risre nosave emory: [mem xf00000-xfee00ff]
[   0.000] PM: gistred sa memry: [memxfee000xffbffff]
[    0.00000 P: Registednosa mor: [memxfc0000xfffff]
    0.000000] e820: [mem 0xe0000000-0xfebfffff] available for PCI devices
[    0.000000] Bootin praviuaiz kernel  KM
[  00000 cckourc rind-jiffie msk: 0xffffff mx_cyces 0xffffffff,ax_ie_: 6455601156ns[    00000] setupepu NR_US12 ncpas_bit51nr_c_i:2nr_ne_s:
[   00000]ERU:Embedded4 pas/u @fff88110000s9944 r892 d3152 u4876
[  000000]PV spnlockhashab etrie 2 (rder 0, 40 byt)    0000 Bui 1onlis  Nde orde mility roin on.Tol ags: 103206
[    0.00000Policy zone:Normal
  0.0000] rnel cma lne BOOT_AGE=oovminuz.4-124-gneicrot=UUID6a449-5ed-43-b6b-6e99afa8e rcool=tty1 cool=tty
   0.0000]ID hh bl eri: 4096 (orr: 3 368ytes
[  0000000Meory:0232K/9384 availble 53K kernl co, 1313K daa, 36Kroata,158K ini, 316K bss, 1611 rserved, K cmreserved)
[   0.00] SL: algn=6 Oer0-, nOects, Us2, Nods=
    .000] eernel/User age tables isoatio eable
[    0.000000]iearhicaRCimlentio.
[  00000	Bldtimeadusment o lf anouto4.
[  000000] 	RC restricti CUs fm _CPU=5 tnr_cpu_i=2
[  000000]CUAdjuingeomet f ru_fautea=6, nr_cpu_ids=2
[   0.0000] NRRQ:330 nirs:0 
    0000 Consoe:olour GA 825
[   .0000]onle[tty1]naed
[   0.000] conlettyS ebld   0000000] tsc: Detected 2904.000 MHz processor
[   31.080091] Calibrating delay loop (skipped) preset value.. 5808.00 BogoMIPS (lpj=11616000)
[   31.319747] pid_max: default: 32768 minimum: 301
[   31.459478] ACPI: Core revision 20150930
[   31.557467] ACPI: 2 ACPI AML tables successfully acquired and loaded
[   31.703687] Security Framework initialized
[   31.835778] Yama: becoming mindful.
[   31.939784] AppArmor: AppArmor initialized
[   32.068317] Dentry cache hash table entries: 524288 (order: 10, 4194304 bytes)
[   32.275431] Inode-cache hash table entries: 262144 (order: 9, 2097152 bytes)
[   32.474459] Mount-cache hash table entries: 8192 (order: 4, 65536 bytes)
[   32.667527] Mountpoint-cache hash table entries: 8192 (order: 4, 65536 bytes)
[   32.846930] Initializing cgroup subsys io
[   32.968023] Initializing cgroup subsys memory
[   33.100620] Initializing cgroup subsys devices
[   33.237858] Initializing cgroup subsys freezer
[   33.362895] Initializing cgroup subsys net_cls
[   33.486214] Initializing cgroup subsys perf_event
[   33.626727] Initializing cgroup subsys net_prio
[   33.760869] Initializing cgroup subsys hugetlb
[   33.860135] Initializing cgroup subsys pids
[   33.993758] CPU: Physical Processor ID: 0
[   34.106209] CPU: Processor Core ID: 0
[   34.213506] FEATURE SPEC_CTRL Not Present
[   34.338717] mce: CPU supports 0 MCE banks
[   34.450274] Last level iTLB entries: 4KB 64, 2MB 8, 4MB 8
[   34.609594] Last level dTLB entries: 4KB 64, 2MB 0, 4MB 0, 1GB 4
[   34.776088] Spectre V2 mitigation: Mitigation: Full generic retpoline
[   34.941378] Spectre V2 mitigation: Speculation control IBPB not-supported IBRS not-supported
[   35.176153] Spectre V2 mitigation: Filling RSB on context switch
[   35.360732] Freeing SMP alternatives memory: 32K
[   35.510132] ftrace: allocating 32202 entries in 126 pages
[   35.715232] smpboot: APIC(0) Converting physical 0 to logical package 0
[   35.902986] smpboot: Max logical packages: 1
[   36.016394] x2apic enabled
[   36.068251] Switched APIC routing to physical x2apic.
[   36.222866] ..TIMER: vector=0x30 apic1=0 pin1=2 apic2=-1 pin2=-1
[   36.503612] smpboot: CPU0: Intel(R) Core(TM) i7-7820HQ CPU @ 2.90GHz (family: 0x6, model: 0x9e, stepping: 0x9)
[   36.799595] Performance Events: unsupported p6 CPU model 158 no PMU driver, software events only.
[   37.049386] KVM setup paravirtual spinlock
[   37.140761] x86: Booting SMP configuration:
[   37.252853] .... node  #0, CPUs:      #1
[   37.353920] kvm-clock: cpu 1, msr 1:1ffef041, secondary cpu clock
[   37.537330] mce: CPU supports 0 MCE banks
[   37.699440] x86: Booted up 1 node, 2 CPUs
[   37.815490] smpboot: Total of 2 processors activated (11616.00 BogoMIPS)
[   38.015190] devtmpfs: initialized
[   38.100234] evm: security.selinux
[   38.156821] evm: security.SMACK64
[   38.232298] evm: security.SMACK64EXEC
[   38.272998] evm: security.SMACK64TRANSMUTE
[   38.367963] evm: security.SMACK64MMAP
[   38.485102] evm: security.ima
[   38.565497] evm: security.capability
[   38.675957] clocksource: jiffies: mask: 0xffffffff max_cycles: 0xffffffff, max_idle_ns: 7645041785100000 ns
[   38.976044] futex hash table entries: 512 (order: 3, 32768 bytes)
[   39.150185] pinctrl core: initialized pinctrl subsystem
[   39.299959] RTC time: 15:08:40, date: 05/16/18
[   39.357151] NET: Registered protocol family 16
[   39.468669] cpuidle: using governor ladder
[   39.600708] cpuidle: using governor menu
[   39.712257] PCCT header not found.
[   39.804569] ACPI: bus type PCI registered
[   39.919775] acpiphp: ACPI Hot Plug PCI Controller Driver version: 0.5
[   40.112077] PCI: Using configuration type 1 for base access
[   40.294592] ACPI: Added _OSI(Module Device)
[   40.415340] ACPI: Added _OSI(Processor Device)
[   40.464421] ACPI: Added _OSI(3.0 _SCP Extensions)
[   40.569269] ACPI: Added _OSI(Processor Aggregator Device)
[   40.708643] ACPI: Executed 1 blocks of module-level executable AML code
[   40.903339] ACPI: Interpreter enabled
[   41.005001] ACPI: (supports S0 S5)
[   41.057819] ACPI: Using IOAPIC for interrupt routing
[   41.125271] PCI: Using host bridge windows from ACPI; if necessary, use "pci=nocrs" and report a bug
[   41.277821] ACPI: PCI Root Bridge [PCI0] (domain 0000 [bus 00-ff])
[   41.466799] acpi PNP0A03:00: _OSC: OS supports [ASPM ClockPM Segments MSI]
[   41.573951] acpi PNP0A03:00: _OSC: not requesting OS control; OS requires [ExtendedConfig ASPM ClockPM MSI]
[   41.844174] acpi PNP0A03:00: fail to add MMCONFIG information, can't access extended PCI configuration space under this bridge.
[   42.203705] PCI host bridge to bus 0000:00
[   42.334637] pci_bus 0000:00: root bus resource [io  0x0000-0x0cf7 window]
[   42.527213] pci_bus 0000:00: root bus resource [io  0x0d00-0xffff window]
[   42.650259] pci_bus 0000:00: root bus resource [mem 0x000a0000-0x000bffff window]
[   42.806913] pci_bus 0000:00: root bus resource [mem 0xe0000000-0xfdffffff window]
[   43.029862] pci_bus 0000:00: root bus resource [bus 00-ff]
[   43.208938] pci 0000:00:01.1: legacy IDE quirk: reg 0x10: [io  0x01f0-0x01f7]
[   43.420025] pci 0000:00:01.1: legacy IDE quirk: reg 0x14: [io  0x03f6]
[   43.615016] pci 0000:00:01.1: legacy IDE quirk: reg 0x18: [io  0x0170-0x0177]
[   43.757174] pci 0000:00:01.1: legacy IDE quirk: reg 0x1c: [io  0x0376]
[   43.940248] pci 0000:00:07.0: quirk: [io  0x4000-0x403f] claimed by PIIX4 ACPI
[   44.154324] pci 0000:00:07.0: quirk: [io  0x4100-0x410f] claimed by PIIX4 SMB
[   44.380014] ACPI: PCI Interrupt Link [LNKA] (IRQs 5 9 10 *11)
[   44.537769] ACPI: PCI Interrupt Link [LNKB] (IRQs 5 9 *10 11)
[   44.683403] ACPI: PCI Interrupt Link [LNKC] (IRQs 5 *9 10 11)
[   44.830819] ACPI: PCI Interrupt Link [LNKD] (IRQs 5 9 10 *11)
[   44.922037] ACPI: Enabled 2 GPEs in block 00 to 07
[   45.048735] vgaarb: setting as boot device: PCI:0000:00:02.0
[   45.212521] vgaarb: device added: PCI:0000:00:02.0,decodes=io+mem,owns=io+mem,locks=none
[   45.446105] vgaarb: loaded
[   45.531107] vgaarb: bridge control possible 0000:00:02.0
[   45.695041] SCSI subsystem initialized
[   45.813649] ACPI: bus type USB registered
[   45.933599] usbcore: registered new interface driver usbfs
[   46.014830] usbcore: registered new interface driver hub
[   46.159097] usbcore: registered new device driver usb
[   46.311572] PCI: Using ACPI for IRQ routing
[   46.439929] NetLabel: Initializing
[   46.521727] NetLabel:  domain hash size = 128
[   46.618513] NetLabel:  protocols = UNLABELED CIPSOv4
[   46.680629] NetLabel:  unlabeled traffic allowed by default
[   46.686118] amd_nb: Cannot enumerate AMD northbridges
[   46.704518] clocksource: Switched to clocksource kvm-clock
[ 46245]ppmo: ApArmorFilesyte Ebl
  7.85] npPnAC it[  46206pn: P PIfod  deves
[   48.126089] clocksource: acpi_pm: mask: 0xffffff max_cycles: 0xffffff, max_idle_ns: 2085701024 ns
[   48.175895] NET: Registered protocol family 2
[   48.207249] TCP establishdd has  table entries: 32768 (order: 6, 262144 bytes)
[   48.551242] TCP bind hash table entries: 32768 (order: 7, 524288 bytes)
[   48.858879] TCP: Hash tables configured (established 32768 bind 32768)
[   49.185024] UDP hash table entries: 2048 (order: 4, 65536 bytes)
[   49.270856] UDP-Lite hash table entries: 2048 (order: 4, 65536 bytes)
[   49.347717] NET: Registered protocol family 1
[   49.531338] pci 0000:00:00.0: Limiting direct PCI/PCI transfers
[   49.817273] pci 0000:00:01.0: Activating ISA DMA hang workarounds
[   49.838533] Unpacking initramfs...
[   50.206838] Freeing initrd memory: 15304K
[   50.353214] PCI-DMA: Using software bounce buffering for IO (SWIOTLB)
[   50.394181] software IO TLB [mem 0xdbff0000-0xdfff0000] (64MB) mapped at [ffff8800dbff0000-ffff8800dffeffff]
[   50.842750] platform rtc_cmos: registered platform RTC device (no PNP device found)
[   51.138250] Scanning for low memory corruption every 60 seconds
[   51.357918] audit: initializing netlink subsys (disabled)
[   51.464101] audit: type=2000 audit(1526483293.906:1): initialized
[   51.509541] Initialise system trusted keyring
[   51.727972] HugeTLB registered 2 MB page size, pre-allocated 0 pages
[   52.032747] tsc: Refined TSC clocksource calibration: 2905.346 MHz
[   52.033823] zbud: loaded
Pÿ[   52.034074] VFS: Disk quotas dquot_6.6.0
[   52.034096] VFS: Dquot-cache hash table entries: 512 (order 0, 4096 bytes)
[   52.034266] squashfs: version 4.0 (2009/01/31) Phillip Lougher
[   52.157171] fuse init (API version 7.23)
[   52.157341] Key type big_key registered
[   52.157371] Allocating IMA MOK and blacklist keyrings.
[   52.157629] Key type asymmetric registered
[   52.157631] Asymmetric key parser 'x509' registered
[   52.157661] Block layer SCSI generic (bsg) driver version 0.4 loaded (major 249)
[   52.157686] io scheduler noop registered
[   52.157688] io scheduler deadline registered (default)
[   52.157710] io scheduler cfq registered
[   52.157789] pci_hotplug: PCI Hot Plug PCI Core version: 0.5
[   52.157793] pciehp: PCI Express Hot Plug Controller Driver version: 0.4
[   52.158052] ACPI: AC Adapter [AC] (off-line)
[   52.158096] input: Power Button as /devices/LNXSYSTM:00/LNXPWRBN:00/input/input0
[   52.158098] ACPI: Power Button [PWRF]
[   52.158173] input: Sleep Button as /devices/LNXSYSTM:00/LNXSLPBN:00/input/input1
[   52.158174] ACPI: Sleep Button [SLPF]
[   52.158306] GHES: HEST is not enabled!
[   52.159191] ACPI: Battery Slot [BAT0] (battery present)
[   52.159223] Serial: 8250/16550 driver, 32 ports, IRQ sharing enabled
[   52.183035] 00:02: ttyS0 at I/O 0x3f8 (irq = 4, base_baud = 115200) is a 16550A
[   52.392789] Linux agpgart interface v0.103
[   52.577350] loop: module loaded
[   52.577909] scsi host0: ata_piix
[   52.577964] scsi host1: ata_piix
[   52.577990] ata1: PATA max UDMA/33 cmd 0x1f0 ctl 0x3f6 bmdma 0xd000 irq 14
[   52.577991] ata2: PATA max UDMA/33 cmd 0x170 ctl 0x376 bmdma 0xd008 irq 15
[   52.578059] libphy: Fixed MDIO Bus: probed
[   52.578061] tun: Universal TUN/TAP device driver, 1.6
[   52.578061] tun: (C) 1999-2004 Max Krasnyansky <maxk@qualcomm.com>
[   52.578463] PPP generic driver version 2.4.2
[   52.578526] ehci_hcd: USB 2.0 'Enhanced' Host Controller (EHCI) Driver
[   52.578531] ehci-pci: EHCI PCI platform driver
[   52.578544] ehci-platform: EHCI generic platform driver
[   52.578552] ohci_hcd: USB 1.1 'Open' Host Controller (OHCI) Driver
[   52.578556] ohci-pci: OHCI PCI platform driver
[   52.578562] ohci-platform: OHCI generic platform driver
[   52.578569] uhci_hcd: USB Universal Host Controller Interface driver
[   52.578659] i8042: PNP: PS/2 Controller [PNP0303:PS2K,PNP0f03:PS2M] at 0x60,0x64 irq 1,12
[   52.579113] serio: i8042 KBD port at 0x60,0x64 irq 1
[   52.579116] serio: i8042 AUX port at 0x60,0x64 irq 12
[   52.579165] mousedev: PS/2 mouse device common for all mice
[   52.579514] rtc_cmos rtc_cmos: rtc core: registered rtc_cmos as rtc0
[   52.579560] rtc_cmos rtc_cmos: alarms up to one day, 114 bytes nvram
[   52.579567] i2c /dev entries driver
[   52.579620] device-mapper: uevent: version 1.0.3
[   52.579692] device-mapper: ioctl: 4.34.0-ioctl (2015-10-28) initialised: dm-devel@redhat.com
[   52.579704] ledtrig-cpu: registered to indicate activity on CPUs
[   52.580288] NET: Registered protocol family 10
[   52.580418] NET: Registered protocol family 17
[   52.580426] Key type dns_resolver registered
[   52.580692] registered taskstats version 1
[   52.580706] Loading compiled-in X.509 certificates
[   52.581311] Loaded X.509 cert 'Build time autogenerated kernel key: 97a7db5071cab428e7f67f96f51ed8d32b3fc527'
[   52.581326] zswap: loaded using pool lzo/zbud
[   52.583419] Key type trusted registered
[   52.587222] Key type encrypted registered
[   52.587227] AppArmor: AppArmor sha1 policy hashing enabled
[   52.587230] ima: No TPM chip found, activating TPM-bypass!
[   52.587247] evm: HMAC attrs: 0x1
[   52.587550]   Magic number: 2:850:133
[   52.594412] rtc_cmos rtc_cmos: setting system clock to 2018-05-16 15:08:53 UTC (1526483333)
[   52.594512] BIOS EDD facility v0.16 2004-Jun-25, 0 devices found
[   52.594512] EDD information not available.
[   52.595237] input: AT Translated Set 2 keyboard as /devices/platform/i8042/serio0/input/input2
[   52057clksrc t: sk0xffffffffaxycs:x20f2e9, max_ie_: 072324s
[   60.326159] Freeing unused kernel memory: 1508K
[   60.386623] Write protecting the kernel read-only data: 14336k
[   60.560221] Freeing unused kernel memory: 1696K
[   60.684976] Freeing unused kernel memory: 100K
Loading, please [   60.835132] random: systemd-udevd: uninitialized urandom read (16 bytes read, 7 bits of entropy available)
wait...
startin[   60.835570] random: udevadm: uninitialized urandom read (16 bytes read, 7 bits of entropy available)
g version 229
[   60.835588] random: udevadm: uninitialized urandom read (16 bytes read, 7 bits of entropy available)
[   60.844824] random: udevadm: uninitialized urandom read (16 bytes read, 7 bits of entropy available)
[   60.844864] random: udevadm: uninitialized urandom read (16 bytes read, 7 bits of entropy available)
[   60.845009] random: udevadm: uninitialized urandom read (16 bytes read, 7 bits of entropy available)
[   60.845064] random: udevadm: uninitialized urandom read (16 bytes read, 7 bits of entropy available)
[   60.845118] random: udevadm: uninitialized urandom read (16 bytes read, 7 bits of entropy available)
[   60.845173] random: udevadm: uninitialized urandom read (16 bytes read, 7 bits of entropy available)
[   60.845226] random: udevadm: uninitialized urandom read (16 bytes read, 7 bits of entropy available)
[   63.385010] e1000: Intel(R) PRO/1000 Network Driver - version 7.3.21-k8-NAPI
[   63.607524] e1000: Copyright (c) 1999-2006 Intel Corporation.
[   63.653216] Fusion MPT base driver 3.04.20
[   63.719974] Copyright (c) 1999-2008 LSI Corporation
[   63.900473] AVX2 version of gcm_enc/dec engaged.
[   64.050995] AES CTR mode by8 optimization enabled
[   64.140978] input: ImExPS/2 Generic Explorer Mouse as /devices/platform/i8042/serio1/input/input5
[   64.213467] Fusion MPT SPI Host driver 3.04.20
[   64.402055] e1000 0000:00:03.0 eth0: (PCI:33MHz:32-bit) 02:1f:2a:60:99:e3
[   64.611136] e1000 0000:00:03.0 eth0: Intel(R) PRO/1000 Network Connection
[   64.768681] e1000 0000:00:03.0 enp0s3: renamed from eth0
[   64.842720] mptbase: ioc0: Initiating bringup
[   65.117474] ioc0: LSI53C1030 A0: Capabilities={Initiator}
[   65.512879] scsi host2: ioc0: LSI53C1030 A0, FwRev=00000000h, Ports=1, MaxQ=256, IRQ=20
[   65.950368] scsi 2:0:0:0: Direct-Access     VBOX     HARDDISK         1.0  PQ: 0 ANSI: 5
[   66.198830] scsi target2:0:0: Beginning Domain Validation
[   66.341987] scsi target2:0:0: Domain Validation skipping write tests
[   66.938404] scsi target2:0:0: Ending Domain Validation
[   66.999933] scsi target2:0:0: asynchronous
[   67.197156] scsi 2:0:1:0: Direct-Access     VBOX     HARDDISK         1.0  PQ: 0 ANSI: 5
[   67.580909] scsi target2:0:1: Beginning Domain Validation
[   67.680944] scsi target2:0:1: Domain Validation skipping write tests
[   67.971400] scsi target2:0:1: Ending Domain Validation
[   68.055196] scsi target2:0:1: asynchronous
[   68.083593] sd 2:0:0:0: [sda] 20971520 512-byte logical blocks: (10.7 GB/10.0 GiB)
[   68.327980] sd 2:0:0:0: Attached scsi generic sg0 type 0
[   68.548532] sd 2:0:0:0: [sda] Write Protect is off
[   68.689618] sd 2:0:1:0: [sdb] 20480 512-byte logical blocks: (10.5 MB/10.0 MiB)
[   68.689650] sd 2:0:1:0: Attached scsi generic sg1 type 0
[   68.696544] sd 2:0:0:0: [sda] Incomplete mode parameter data
[   68.696545] sd 2:0:0:0: [sda] Assuming drive cache: write through
[   69.262919] sd 2:0:1:0: [sdb] Write Protect is off
[   69.508153] sd 2:0:1:0: [sdb] Incomplete mode parameter data
[   69.786403] sd 2:0:1:0: [sdb] Assuming drive cache: write through
[   69.795999]  sda: sda1
[   70.149159] sd 2:0:0:0: [sda] Attached SCSI disk
[   70.155423] sd 2:0:1:0: [sdb] Attached SCSI disk
Begin: Loading e[   71.447596] md: linear personality registered for level -1
ssential drivers[   71.500469] md: multipath personality registered for level -4
 ... [   71.549608] md: raid0 personality registered for level 0
[   71.587554] md: raid1 personality registered for level 1
[   71.686563] raid6: sse2x1   gen() 11252 MB/s
[   71.948648] raid6: sse2x1   xor()  9065 MB/s
[   72.241436] raid6: sse2x2   gen() 13371 MB/s
[   72.500527] raid6: sse2x2   xor()  8415 MB/s
[   72.720675] raid6: sse2x4   gen() 13380 MB/s
[   72.970647] raid6: sse2x4   xor() 11626 MB/s
[   73.232041] raid6: avx2x1   gen() 22941 MB/s
[   73.508896] raid6: avx2x2   gen() 24492 MB/s
[   73.645261] raid6: avx2x4   gen() 25456 MB/s
[   73.861907] raid6: using algorithm avx2x4 gen() 25456 MB/s
[   74.044312] raid6: using avx2x2 recovery algorithm
[   74.281619] xor: automatically using best checksumming function:
[   74.500622]    avx       : 21718.000 MB/sec
[   74.624081] async_tx: api initialized (async)
[   74.685087] md: raid6 personality registered for level 6
[   74.705539] md: raid5 personality registered for level 5
[   74.777999] md: raid4 personality registered for level 4
[   75.017157] md: raid10 personality registered for level 10
done.
Begin: Running /scripts/i[   75.412504] Btrfs loaded
nit-premount ... done.
Begin: Mounting root file system ... Beg[   75.533925] EXT4-fs (sda1): mounted filesystem with ordered data mode. Opts: (null)
in: Running /scripts/local-top ... done.
Begin: Running /scripts/local-premount ... Scanning for Btrfs filesystems
done.
Warning: fsck not present, so skipping root file system
done.
Begin: Running /scripts/local-bottom ... done.
Begin: Running /scripts/init-bottom ... done.
[   75.909002] systemd[1]: systemd 229 running in system mode. (+PAM +AUDIT +SELINUX +IMA +APPARMOR +SMACK +SYSVINIT +UTMP +LIBCRYPTSETUP +GCRYPT +GNUTLS +ACL +XZ -LZ4 +SECCOMP +BLKID +ELFUTILS +KMOD -IDN)
[   76.658313] systemd[1]: Detected virtualization oracle.
[   76.857549] systemd[1]: Detected architecture x86-64.

Welcome to [1mUbuntu 16.04.3 LTS[0m!

[   76.913414] systemd[1]: Set hostname to <samvera>.
[   77.100821] random: nonblocking pool is initialized
[   77.376224] systemd[1]: Created slcce User and Session Slice.
[[0;32m  OK  [0m] Created slice User and Session Slice.
[   77.701302] systemd[1]: Listening on Journal Audit Socket.
[[0;32m  OK  [0m] Listening on Journal Audit Socket.
[   77.988768] systemd[1]: Reached target User and Group Name Lookups.
[[0;32m  OK  [0m] Reached target User and Group Name Lookups.
[   78.062874] systemd[1]: Listening on Journal Socket (/dev/log).
[[0;32m  OK  [0m] Listening on Journal Socket (/dev/log).
[   78.441795] systemd[1]: Listening on Journal Socket.
[[0;32m  OK  [0m] Listening on Journal Socket.
[   78.617177] systemd[1]: Listening on Syslog Socket.
[[0;32m  OK  [0m] Listening on Syslog Socket.
[   78.873886] systemd[1]: Reached target Encrypted Volumes.
[[0;32m  OK  [0m] Reached target Encrypted Volumes.
[   79.120878] systemd[1]: Listening on LVM2 poll daemon socket.
[[0;32m  OK  [0m] Listening on LVM2 poll daemon socket.
[   79.346096] systemd[1]: Started Trigger resolvconf update for networkd DNS.
[[0;32m  OK  [0m] Started Trigger resolvconf update for networkd DNS.
[   79.709594] systemd[1]: Listening on udev Control Socket.
[[0;32m  OK  [0m] Listening on udev Control Socket.
[   79.960953] systemd[1]: Reached target Swap.
[[0;32m  OK  [0m] Reached target Swap.
[   80.192818] systemd[1]: Listening on Device-mapper event daemon FIFOs.
[[0;32m  OK  [0m] Listening on Device-mapper event daemon FIFOs.
[   80.231653] systemd[1]: Listening on LVM2 metadata daemon socket.
[[0;32m  OK  [0m] Listening on LVM2 metadata daemon socket.
[   80.345223] systemd[1]: Listening on /dev/initctl Compatibility Named Pipe.
[[0;32m  OK  [0m] Listening on /dev/initctl Compatibility Named Pipe.
[   80.821504] systemd[1]: Started Forward Password Requests to Wall Directory Watch.
[[0;32m  OK  [0m] Started Forward Password Requests to Wall Directory Watch.
[   80.989188] systemd[1]: Created slice System Slice.
[[0;32m  OK  [0m] Created slice System Slice.
[   81.149144] systemd[1]: Mounting Huge Pages File System...
         Mounting Huge Pages File System...
[   81.257421] systemd[1]: Created slice system-serial\x2dgetty.slice.
[[0;32m  OK  [0m] Created slice system-serial\x2dgetty.slice.
[   81.269010] systemd[1]: Reached target Slices.
[[0;32m  OK  [0m] Reached target Slices.
[   81.328798] systemd[1]: Starting Uncomplicated firewall...
         Starting Uncomplicated firewall...
[   81.413718] systemd[1]: Created slice system-postgresql.slice.
[[0;32m  OK  [0m] Created slice system-postgresql.slice.
[   81.724809] systemd[1]: Starting Remount Root and Kernel File Systems...
[   81.727816] EXT4-fs (sda1): re-mounted. Opts: (null)
         Starting Remount Root and Kernel File Systems...
[   82.225347] systemd[]]: Starting Monitoring of LVM2 mirrors, snapshots etc. using dmeventd or progress polling...
         Starting Monitoring of LVM2 mirrors... dmeventd or progress polling...
[   82.461496] systemd[1]: Starting Nameserver information manager...
         Starting Nameserver information manager...
[   82.697604] systemd[1]: Starting Load Kernel Modules...
[   82505]oaing CStrspt asv2-80.

         Starting Load Kernel Mo[   83.390934] iscsi: registered transport (tcp)
dules...
[   83.495106] iscsi: registered transport (iser)
[   83.496707] systemd[1]: Mounting POSIX Message Queue File System...
         Mounting POSIX Message Queue File System...
[   83.681027] systemd[1]: Starting Set console keymap...
         Starting Set console keymap...
[   83.796835] systemd[1]: Starting Create list of required static device nodes for the current kernel...
         Starting Create list of required st... nodes for the current kernel...
[   83.921359] systemd[1]: Listening on udev Kernel Socket.
[[0;32m  OK  [0m] Listening on udev Kernel Socket.
[   84.004675] systemd[1]: Mounting Debug File System...
         Mounting Debug File System...
[   84.073652] systemd[1]: Starting Journal Service...
         Starting Journal Service...
[   84.317836] systemd[1]: Set up automount Arbitrary Executable File Formats File System Automount Point.
[[0;32m  OK  [0m] Set up automount Arbitrary Executab...ats File System Automount Point.
[   84.641709] systemd[1]: Mounted Huge Pages File System.
[[0;32m  OK  [0m] Mounted Huge Pages File System.
[   84.708992] systemd[1]: Mounted Debug File System.
[[0;32m  OK  [0m] Mounted Debug File System.
[   84.945930] systemd[1]: Mounted POSIX Message Queue File System.
[[0;32m  OK  [0m] Mounted POSIX Message Queue File System.
[   85.205176] systemd[1]: Started Journal Service.
[[0;32m  OK  [0m] Started Journal Service.
[[0;32m  OK  [0m] Started Uncomplicated firewall.
[[0;32m  OK  [0m] Started Remount Root and Kernel File Systems.
[[0;32m  OK  [0m] Started Load Kernel Modules.
[[0;32m  OK  [0m] Started Set console keymap.
[[0;32m  OK  [0m] Started Create list of required sta...ce nodes for the current kernel.
[[0;32m  OK  [0m] Started Nameserver information manager.
[[0;32m  OK  [0m] Started LVM2 metadata daemon.
         Starting Create Static Device Nodes in /dev...
         Mounting FUSE Control File System...
         Starting Apply Kernel Variables...
         Starting Initial cloud-init job (pre-networking)...
         Starting udev Coldplug all Devices...
         Starting Load/Save Random Seed...
         Starting Flush Journal to Persistent Storage...
[[0;32m  OK  [0m] Mounted FUSE Control File System.
[[0;32m  OK  [0m] Started Create Static Device Nodes in /dev.
[[0;32m  OK  [0m] Started Apply Kernel Variables.
[[0;32m  OK  [0m] Started Load/Save Random Seed.
[[0;32m  OK  [0m] Started Monitoring of LVM2 mirrors,...ng dmeventd or progress polling.
[[0;32m  OK  [0m] Started udev Coldplug all Devices.
[[0;32m  OK  [0m] Started Flush Journal to Persistent Storage.
         Starting udev Kernel Device Manager...
[[0;32m  OK  [0m] Started udev Kernel Device Manager.
[[0;32m  OK  [0m] Started Dispatch Password Requests to Console Directory Watch.
[[0;32m  OK  [0m] Reached target Local File Systems (Pre).
[[0;32m  OK  [0m] Reached target Local File Systems.
         Starting Set console font and keymap...
         Starting Tell Plymouth To Write Out Runtime Data...
         Starting Create Volatile Files and Directories...
[   41.318831] cloud-init[462]: Cloud-init v. 17.1 running 'init-local' at Wed, 16 May 2018 15:09:27 +0000. Up 40.92 seconds.
         Starting LSB: AppArmor initialization...
[[0;32m  OK  [0m] Started Tell Plymouth To Write Out Runtime Data.
[[0;32m  OK  [0m] Started Set console font and keymap.
[[0;32m  OK  [0m] Started Create Volatile Files and Directories.
[[0;32m  OK  [0m] Started Initial cloud-init job (pre-networking).
[[0;32m  OK  [0m] Found device /dev/ttyS0.
[[0;32m  OK  [0m] Listening on Load/Save RF Kill Switch Status /dev/rfkill Watch.
[[0;32m  OK  [0m] Reached target Network (Pre).
[[0;32m  OK  [0m] Reached target System Time Synchronized.
         Starting Update UTMP about System Boot/Shutdown...
[[0;32m  OK  [0m] Created slice system-getty.slice.
[[0;32m  OK  [0m] Started LSB: AppArmor initialization.
[[0;32m  OK  [0m] Started ifup for enp0s3.
         Starting Raise network interfaces...
[[0;32m  OK  [0m] Started Update UTMP about System Boot/Shutdown.
[[0;32m  OK  [0m] Started Raise network interfaces.
         Starting Initial cloud-init job (metadata service crawler)...
[[0;32m  OK  [0m] Reached target Network.
[   43.920740] cloud-init[976]: Cloud-init v. 17.1 running 'init' at Wed, 16 May 2018 15:09:30 +0000. Up 43.64 seconds.
[[0;32m  OK  [0m] Started Initial cloud-init job (metadata service crawler).
[   44.047068] cloud-init[976]: ci-info: +++++++++++++++++++++++++++++++++++++Net device info++++++++++++++++++++++++++++++++++++++
[   44.288968] cloud-init[976]: ci-info: +--------+------+----------------------------+---------------+-------+-------------------+
[   44.428975] cloud-init[976]: ci-info: | Device |  Up  |          Address           |      Mask     | Scope |     Hw-Address    |
[   44.524983] cloud-init[976]: ci-info: +--------+------+----------------------------+---------------+-------+-------------------+
[[0;32m  OK  [0m] Reached target Cloud-config availability.
[[0;32m  OK  [0m] Reached target Network is Online.
[   44.620835] cloud-init[976]: ci-info: | enp0s3 | True |         10.0.2.15          | 255.255.255.0 |   .   | 02:1f:2a:60:99:e3 |
[   44.812863] cloud-init[976]: ci-info: | enp0s3 | True | fe80::1f:2aff:fe60:99e3/64 |       .       |  link | 02:1f:2a:60:99:e3 |
         Starting iSCSI initiator daemon (iscsid)...
[[0;32m  OK  [0m] Reached target System Initialization.
[[0;32m  OK  [0m] Listening on D-Bus System Message Bus Socket.
[   44.944007] cloud-init[976]: ci-info: |   lo   | True |         127.0.0.1          |   255.0.0.0   |   .   |         .         |
[   45.249273] cloud-init[976]: ci-info: |   lo   | True |          ::1/128           |       .       |  host |         .         |
[   45.376600] cloud-init[976]: ci-info: +--------+------+----------------------------+---------------+-------+-------------------+
         Starting Socket activation for snappy daemon.
[   45.422570] cloud-init[976]: ci-info: +++++++++++++++++++++++++++Route IPv4 info++++++++++++++++++++++++++++
[   45.580654] cloud-init[976]: ci-info: +-------+-------------+----------+---------------+-----------+-------+
[   45.687159] cloud-init[976]: ci-info: | Route | Destination | Gateway  |    Genmask    | Interface | Flags |
[   45.753659] cloud-init[976]: ci-info: +-------+-------------+----------+---------------+-----------+-------+
[[0;32m  OK  [0m] Started Daily apt download activities.
[[0;32m  OK  [0m] Started Daily apt upgrade and clean activities.
[[0;32m  OK  [0m] Started Daily Cleanup of Temporary Directories.
[   45.831071] cloud-init[976]: ci-info: |   0   |   0.0.0.0   | 10.0.2.2 |    0.0.0.0    |   enp0s3  |   UG  |
[   46.120250] cloud-init[976]: ci-info: |   1   |   10.0.2.0  | 0.0.0.0  | 255.255.255.0 |   enp0s3  |   U   |
[   46.219368] cloud-init[976]: ci-info: +-------+-------------+----------+---------------+-----------+-------+
[[0;32m  OK  [0m] Listening on UUID daemon activation socket.
[[0;32m  OK  [0m] Listening on ACPID Listen Socket.
         Starting LXD - unix socket.
[[0;32m  OK  [0m] Started ACPI Events Check.
[[0;32m  OK  [0m] Reached target Paths.
[[0;32m  OK  [0m] Started Timer to automatically refresh installed snaps.
[[0;32m  OK  [0m] Reached target Timers.
[[0;32m  OK  [0m] Listening on Socket activation for snappy daemon.
[[0;32m  OK  [0m] Listening on LXD - unix socket.
[[0;32m  OK  [0m] Started iSCSI initiator daemon (iscsid).
         Starting Login to default iSCSI targets...
[[0;32m  OK  [0m] Reached target Sockets.
[[0;32m  OK  [0m] Reached target Basic System.
[[0;32m  OK  [0m] Started FUSE filesystem for LXC.
[[0;32m  OK  [0m] Started ACPI event daemon.
         Starting /etc/rc.local Compatibility...
         Starting Login Service...
         Starting System Logging Service...
         Starting Apply the settings specified in cloud-config...
[[0;32m  OK  [0m] Started Deferred execution scheduler.
[[0;32m  OK  [0m] Started D-Bus System Message Bus.
         Starting LSB: Record successful boot for GRUB...
         Starting LXD - container startup/shutdown...
         Starting Advanced key-value store...
[   47.999517] cloud-init[1053]: Cloud-init v. 17.1 running 'modules:config' at Wed, 16 May 2018 15:09:34 +0000. Up 47.86 seconds.
[[0;32m  OK  [0m] Started Regular background program processing daemon.
         Starting LSB: MD monitoring daemon...
         Starting Accounts Service...
         Starting PostgreSQL Cluster 9.5-main...
         Starting OpenBSD Secure Shell server...
[[0;32m  OK  [0m] Started Unattended Upgrades Shutdown.
         Starting dnsmasq - A lightweight DHCP and caching DNS server...
         Starting Snappy daemon...
[[0;32m  OK  [0m] Started System Logging Service.
[[0;32m  OK  [0m] Started OpenBSD Secure Shell server.
[[0;32m  OK  [0m] Started /etc/rc.local Compatibility.
[[0;32m  OK  [0m] Started Apply the settings specified in cloud-config.
[[0;32m  OK  [0m] Started LXD - container startup/shutdown.
[[0;32m  OK  [0m] Started Snappy daemon.
[[0;32m  OK  [0m] Started Advanced key-value store.
[[0;32m  OK  [0m] Started Login to default iSCSI targets.
[[0;32m  OK  [0m] Started LSB: Record successful boot for GRUB.
[[0;32m  OK  [0m] Started LSB: MD monitoring daemon.
[[0;32m  OK  [0m] Started Login Service.
         Starting Authenticate and Authorize Users to Run Privileged Tasks...
[[0;32m  OK  [0m] Reached target Remote File Systems (Pre).
[[0;32m  OK  [0m] Reached target Remote File Systems.
         Starting LSB: VirtualBox Linux Additions...
         Starting LSB: automatic crash report generation...
         Starting LSB: Start/stop sysstat's sadc...
         Starting Permit User Sessions...
         Starting LSB: daemon to balance interrupts for SMP systems...
         Starting LSB: Set the CPU Frequency Scaling governor to "ondemand"...
[[0;32m  OK  [0m] Started dnsmasq - A lightweight DHCP and caching DNS server.
[[0;32m  OK  [0m] Started Permit User Sessions.
[[0;32m  OK  [0m] Started Authenticate and Authorize Users to Run Privileged Tasks.
[[0;32m  OK  [0m] Started Accounts Service.
[[0;32m  OK  [0m] Started LSB: Start/stop sysstat's sadc.
[[0;32m  OK  [0m] Started LSB: VirtualBox Linux Additions.
[[0;32m  OK  [0m] Started LSB: automatic crash report generation.
[[0;32m  OK  [0m] Created slice User Slice of vagrant.
         Starting User Manager for UID 1000...
[[0;32m  OK  [0m] Started Session 1 of user vagrant.
         Starting Terminate Plymouth Boot Screen...
         Starting Hold until boot process finishes up...
[[0;32m  OK  [0m] Reached target Host and Network Name Lookups.
[[0;32m  OK  [0m] Started User Manager for UID 1000.
[[0;32m  OK  [0m] Started LSB: daemon to balance interrupts for SMP systems.
[[0;32m  OK  [0m] Started LSB: Set the CPU Frequency Scaling governor to "ondemand".
[[0;32m  OK  [0m] Started Terminate Plymouth Boot Screen.
[[0;32m  OK  [0m] Started Hold until boot process finishes up.
[[0;32m  OK  [0m] Started Getty on tty1.
         Starting Set console scheme...
[[0;32m  OK  [0m] Started Serial Getty on ttyS0.
[[0;32m  OK  [0m] Reached target Login Prompts.
[[0;32m  OK  [0m] Started PostgreSQL Cluster 9.5-main.
[[0;32m  OK  [0m] Started Set console scheme.
         Starting PostgreSQL RDBMS...
[[0;32m  OK  [0m] Started PostgreSQL RDBMS.
[[0;32m  OK  [0m] Reached target Multi-User System.
[[0;32m  OK  [0m] Reached target Graphical Interface.
         Starting Update UTMP about System Runlevel Changes...
         Starting Execute cloud user/final scripts...
[[0;32m  OK  [0m] Started Update UTMP about System Runlevel Changes.
[   51.482866] cloud-init[1383]: Cloud-init v. 17.1 running 'modules:final' at Wed, 16 May 2018 15:09:37 +0000. Up 51.36 seconds.
[   51.657211] cloud-init[1383]: Cloud-init v. 17.1 finished at Wed, 16 May 2018 15:09:38 +0000. Datasource DataSourceNoCloud [seed=/dev/sdb][dsmode=net].  Up 51.47 seconds
[[0;32m  OK  [0m] Started Execute cloud user/final scripts.
[[0;32m  OK  [0m] Reached target Cloud-init target.

Ubuntu 16.04.3 LTS samvera ttyS0

samvera login: 